# JRE version: OpenJDK Runtime Environment (8.0_242) (build 1.8.0_242-release-1644-b3-6222593)
# Java VM: OpenJDK 64-Bit Server VM (25.242-b3-6222593 mixed mode linux-amd64 compressed oops)
Heap:
 PSYoungGen      total 523264K, used 12528K [0x00000000d5580000, 0x00000000f8180000, 0x0000000100000000)
  eden space 477184K, 0% used [0x00000000d5580000,0x00000000d5580000,0x00000000f2780000)
  from space 46080K, 27% used [0x00000000f2780000,0x00000000f33bc238,0x00000000f5480000)
  to   space 37376K, 0% used [0x00000000f5d00000,0x00000000f5d00000,0x00000000f8180000)
 ParOldGen       total 128512K, used 68720K [0x0000000080000000, 0x0000000087d80000, 0x00000000d5580000)
  object space 128512K, 53% used [0x0000000080000000,0x000000008431c148,0x0000000087d80000)
 Metaspace       used 112445K, capacity 118758K, committed 118824K, reserved 1153024K
  class space    used 14687K, capacity 15871K, committed 15920K, reserved 1048576K
GC Heap History (10 events):
Event: 1556,434 GC heap after
Heap after GC invocations=18 (full 3):
 PSYoungGen      total 313344K, used 26622K [0x00000000d5580000, 0x00000000f1880000, 0x0000000100000000)
  eden space 275456K, 0% used [0x00000000d5580000,0x00000000d5580000,0x00000000e6280000)
  from space 37888K, 70% used [0x00000000e6280000,0x00000000e7c7f8d8,0x00000000e8780000)
  to   space 39424K, 0% used [0x00000000ef200000,0x00000000ef200000,0x00000000f1880000)
 ParOldGen       total 88576K, used 55811K [0x0000000080000000, 0x0000000085680000, 0x00000000d5580000)
  object space 88576K, 63% used [0x0000000080000000,0x0000000083680f40,0x0000000085680000)
 Metaspace       used 94009K, capacity 98538K, committed 98600K, reserved 1134592K
  class space    used 12240K, capacity 13104K, committed 13104K, reserved 1048576K
}
Event: 1556,434 GC heap before
{Heap before GC invocations=19 (full 4):
 PSYoungGen      total 313344K, used 26622K [0x00000000d5580000, 0x00000000f1880000, 0x0000000100000000)
  eden space 275456K, 0% used [0x00000000d5580000,0x00000000d5580000,0x00000000e6280000)
  from space 37888K, 70% used [0x00000000e6280000,0x00000000e7c7f8d8,0x00000000e8780000)
  to   space 39424K, 0% used [0x00000000ef200000,0x00000000ef200000,0x00000000f1880000)
 ParOldGen       total 88576K, used 55811K [0x0000000080000000, 0x0000000085680000, 0x00000000d5580000)
  object space 88576K, 63% used [0x0000000080000000,0x0000000083680f40,0x0000000085680000)
 Metaspace       used 94009K, capacity 98538K, committed 98600K, reserved 1134592K
  class space    used 12240K, capacity 13104K, committed 13104K, reserved 1048576K
Event: 1558,528 GC heap after
Heap after GC invocations=19 (full 4):
 PSYoungGen      total 313344K, used 0K [0x00000000d5580000, 0x00000000f1880000, 0x0000000100000000)
  eden space 275456K, 0% used [0x00000000d5580000,0x00000000d5580000,0x00000000e6280000)
  from space 37888K, 0% used [0x00000000e6280000,0x00000000e6280000,0x00000000e8780000)
  to   space 39424K, 0% used [0x00000000ef200000,0x00000000ef200000,0x00000000f1880000)
 ParOldGen       total 128512K, used 61432K [0x0000000080000000, 0x0000000087d80000, 0x00000000d5580000)
  object space 128512K, 47% used [0x0000000080000000,0x0000000083bfe150,0x0000000087d80000)
 Metaspace       used 93930K, capacity 98320K, committed 98600K, reserved 1134592K
  class space    used 12217K, capacity 13063K, committed 13104K, reserved 1048576K
}
Event: 1613,704 GC heap before
{Heap before GC invocations=20 (full 4):
 PSYoungGen      total 313344K, used 275456K [0x00000000d5580000, 0x00000000f1880000, 0x0000000100000000)
  eden space 275456K, 100% used [0x00000000d5580000,0x00000000e6280000,0x00000000e6280000)
  from space 37888K, 0% used [0x00000000e6280000,0x00000000e6280000,0x00000000e8780000)
  to   space 39424K, 0% used [0x00000000ef200000,0x00000000ef200000,0x00000000f1880000)
 ParOldGen       total 128512K, used 61432K [0x0000000080000000, 0x0000000087d80000, 0x00000000d5580000)
  object space 128512K, 47% used [0x0000000080000000,0x0000000083bfe150,0x0000000087d80000)
 Metaspace       used 104289K, capacity 109448K, committed 109736K, reserved 1144832K
  class space    used 13653K, capacity 14670K, committed 14768K, reserved 1048576K
Event: 1613,801 GC heap after
Heap after GC invocations=20 (full 4):
 PSYoungGen      total 418816K, used 31231K [0x00000000d5580000, 0x00000000f1f80000, 0x0000000100000000)
  eden space 379392K, 0% used [0x00000000d5580000,0x00000000d5580000,0x00000000ec800000)
  from space 39424K, 79% used [0x00000000ef200000,0x00000000f107fc28,0x00000000f1880000)
  to   space 43008K, 0% used [0x00000000ec800000,0x00000000ec800000,0x00000000ef200000)
 ParOldGen       total 128512K, used 61440K [0x0000000080000000, 0x0000000087d80000, 0x00000000d5580000)
  object space 128512K, 47% used [0x0000000080000000,0x0000000083c00150,0x0000000087d80000)
 Metaspace       used 104289K, capacity 109448K, committed 109736K, reserved 1144832K
  class space    used 13653K, capacity 14670K, committed 14768K, reserved 1048576K
}
Event: 1621,532 GC heap before
{Heap before GC invocations=21 (full 4):
 PSYoungGen      total 418816K, used 410623K [0x00000000d5580000, 0x00000000f1f80000, 0x0000000100000000)
  eden space 379392K, 100% used [0x00000000d5580000,0x00000000ec800000,0x00000000ec800000)
  from space 39424K, 79% used [0x00000000ef200000,0x00000000f107fc28,0x00000000f1880000)
  to   space 43008K, 0% used [0x00000000ec800000,0x00000000ec800000,0x00000000ef200000)
 ParOldGen       total 128512K, used 61440K [0x0000000080000000, 0x0000000087d80000, 0x00000000d5580000)
  object space 128512K, 47% used [0x0000000080000000,0x0000000083c00150,0x0000000087d80000)
 Metaspace       used 110181K, capacity 116024K, committed 116264K, reserved 1150976K
  class space    used 14420K, capacity 15546K, committed 15664K, reserved 1048576K
Event: 1622,297 GC heap after
Heap after GC invocations=21 (full 4):
 PSYoungGen      total 422400K, used 30474K [0x00000000d5580000, 0x00000000f8900000, 0x0000000100000000)
  eden space 379392K, 0% used [0x00000000d5580000,0x00000000d5580000,0x00000000ec800000)
  from space 43008K, 70% used [0x00000000ec800000,0x00000000ee5c2af0,0x00000000ef200000)
  to   space 45056K, 0% used [0x00000000f5d00000,0x00000000f5d00000,0x00000000f8900000)
 ParOldGen       total 128512K, used 61448K [0x0000000080000000, 0x0000000087d80000, 0x00000000d5580000)
  object space 128512K, 47% used [0x0000000080000000,0x0000000083c02150,0x0000000087d80000)
 Metaspace       used 110181K, capacity 116024K, committed 116264K, reserved 1150976K
  class space    used 14420K, capacity 15546K, committed 15664K, reserved 1048576K
}
Event: 1725,994 GC heap before
{Heap before GC invocations=22 (full 4):
 PSYoungGen      total 422400K, used 409866K [0x00000000d5580000, 0x00000000f8900000, 0x0000000100000000)
  eden space 379392K, 100% used [0x00000000d5580000,0x00000000ec800000,0x00000000ec800000)
  from space 43008K, 70% used [0x00000000ec800000,0x00000000ee5c2af0,0x00000000ef200000)
  to   space 45056K, 0% used [0x00000000f5d00000,0x00000000f5d00000,0x00000000f8900000)
 ParOldGen       total 128512K, used 61448K [0x0000000080000000, 0x0000000087d80000, 0x00000000d5580000)
  object space 128512K, 47% used [0x0000000080000000,0x0000000083c02150,0x0000000087d80000)
 Metaspace       used 111848K, capacity 117900K, committed 118056K, reserved 1150976K
  class space    used 14650K, capacity 15806K, committed 15920K, reserved 1048576K
Event: 1726,069 GC heap after
Heap after GC invocations=22 (full 4):
 PSYoungGen      total 514560K, used 29302K [0x00000000d5580000, 0x00000000f8180000, 0x0000000100000000)
  eden space 477184K, 0% used [0x00000000d5580000,0x00000000d5580000,0x00000000f2780000)
  from space 37376K, 78% used [0x00000000f5d00000,0x00000000f799d960,0x00000000f8180000)
  to   space 46080K, 0% used [0x00000000f2780000,0x00000000f2780000,0x00000000f5480000)
 ParOldGen       total 128512K, used 68112K [0x0000000080000000, 0x0000000087d80000, 0x00000000d5580000)
  object space 128512K, 53% used [0x0000000080000000,0x0000000084284108,0x0000000087d80000)
 Metaspace       used 111848K, capacity 117900K, committed 118056K, reserved 1150976K
  class space    used 14650K, capacity 15806K, committed 15920K, reserved 1048576K
}
Event: 1872,942 GC heap before
{Heap before GC invocations=23 (full 4):
 PSYoungGen      total 514560K, used 506486K [0x00000000d5580000, 0x00000000f8180000, 0x0000000100000000)
  eden space 477184K, 100% used [0x00000000d5580000,0x00000000f2780000,0x00000000f2780000)
  from space 37376K, 78% used [0x00000000f5d00000,0x00000000f799d960,0x00000000f8180000)
  to   space 46080K, 0% used [0x00000000f2780000,0x00000000f2780000,0x00000000f5480000)
 ParOldGen       total 128512K, used 68112K [0x0000000080000000, 0x0000000087d80000, 0x00000000d5580000)
  object space 128512K, 53% used [0x0000000080000000,0x0000000084284108,0x0000000087d80000)
 Metaspace       used 112445K, capacity 118758K, committed 118824K, reserved 1153024K
  class space    used 14687K, capacity 15871K, committed 15920K, reserved 1048576K

