# JRE version: OpenJDK Runtime Environment (8.0_242) (build 1.8.0_242-release-1644-b3-6222593)
# Java VM: OpenJDK 64-Bit Server VM (25.242-b3-6222593 mixed mode linux-amd64 compressed oops)
Heap:
 PSYoungGen      total 312832K, used 31122K [0x00000000d5580000, 0x00000000eb380000, 0x0000000100000000)
  eden space 272384K, 0% used [0x00000000d5580000,0x00000000d5580000,0x00000000e5f80000)
  from space 40448K, 76% used [0x00000000e5f80000,0x00000000e7de49f0,0x00000000e8700000)
  to   space 36352K, 0% used [0x00000000e8700000,0x00000000e8700000,0x00000000eaa80000)
 ParOldGen       total 126464K, used 58097K [0x0000000080000000, 0x0000000087b80000, 0x00000000d5580000)
  object space 126464K, 45% used [0x0000000080000000,0x00000000838bc5d8,0x0000000087b80000)
 Metaspace       used 99506K, capacity 105154K, committed 105368K, reserved 1140736K
  class space    used 12921K, capacity 13908K, committed 13992K, reserved 1048576K
GC Heap History (10 events):
Event: 1544,663 GC heap after
Heap after GC invocations=20 (full 3):
 PSYoungGen      total 290304K, used 28247K [0x00000000d5580000, 0x00000000eb180000, 0x0000000100000000)
  eden space 261632K, 0% used [0x00000000d5580000,0x00000000d5580000,0x00000000e5500000)
  from space 28672K, 98% used [0x00000000e8e00000,0x00000000ea995c40,0x00000000eaa00000)
  to   space 7680K, 0% used [0x00000000eaa00000,0x00000000eaa00000,0x00000000eb180000)
 ParOldGen       total 80384K, used 33484K [0x0000000080000000, 0x0000000084e80000, 0x00000000d5580000)
  object space 80384K, 41% used [0x0000000080000000,0x00000000820b33e0,0x0000000084e80000)
 Metaspace       used 82956K, capacity 87266K, committed 87320K, reserved 1124352K
  class space    used 10719K, capacity 11509K, committed 11560K, reserved 1048576K
}
Event: 1954,343 GC heap before
{Heap before GC invocations=21 (full 3):
 PSYoungGen      total 290304K, used 289879K [0x00000000d5580000, 0x00000000eb180000, 0x0000000100000000)
  eden space 261632K, 100% used [0x00000000d5580000,0x00000000e5500000,0x00000000e5500000)
  from space 28672K, 98% used [0x00000000e8e00000,0x00000000ea995c40,0x00000000eaa00000)
  to   space 7680K, 0% used [0x00000000eaa00000,0x00000000eaa00000,0x00000000eb180000)
 ParOldGen       total 80384K, used 33484K [0x0000000080000000, 0x0000000084e80000, 0x00000000d5580000)
  object space 80384K, 41% used [0x0000000080000000,0x00000000820b33e0,0x0000000084e80000)
 Metaspace       used 89063K, capacity 93810K, committed 94104K, reserved 1130496K
  class space    used 11518K, capacity 12392K, committed 12456K, reserved 1048576K
Event: 1956,738 GC heap after
Heap after GC invocations=21 (full 3):
 PSYoungGen      total 258048K, used 7648K [0x00000000d5580000, 0x00000000eb180000, 0x0000000100000000)
  eden space 250368K, 0% used [0x00000000d5580000,0x00000000d5580000,0x00000000e4a00000)
  from space 7680K, 99% used [0x00000000eaa00000,0x00000000eb178040,0x00000000eb180000)
  to   space 37888K, 0% used [0x00000000e6780000,0x00000000e6780000,0x00000000e8c80000)
 ParOldGen       total 80384K, used 55929K [0x0000000080000000, 0x0000000084e80000, 0x00000000d5580000)
  object space 80384K, 69% used [0x0000000080000000,0x000000008369e408,0x0000000084e80000)
 Metaspace       used 89063K, capacity 93810K, committed 94104K, reserved 1130496K
  class space    used 11518K, capacity 12392K, committed 12456K, reserved 1048576K
}
Event: 2089,771 GC heap before
{Heap before GC invocations=22 (full 3):
 PSYoungGen      total 258048K, used 126192K [0x00000000d5580000, 0x00000000eb180000, 0x0000000100000000)
  eden space 250368K, 47% used [0x00000000d5580000,0x00000000dc9440e0,0x00000000e4a00000)
  from space 7680K, 99% used [0x00000000eaa00000,0x00000000eb178040,0x00000000eb180000)
  to   space 37888K, 0% used [0x00000000e6780000,0x00000000e6780000,0x00000000e8c80000)
 ParOldGen       total 80384K, used 55929K [0x0000000080000000, 0x0000000084e80000, 0x00000000d5580000)
  object space 80384K, 69% used [0x0000000080000000,0x000000008369e408,0x0000000084e80000)
 Metaspace       used 93268K, capacity 98514K, committed 98584K, reserved 1134592K
  class space    used 12110K, capacity 13050K, committed 13096K, reserved 1048576K
Event: 2092,404 GC heap after
Heap after GC invocations=22 (full 3):
 PSYoungGen      total 257024K, used 17127K [0x00000000d5580000, 0x00000000eaa80000, 0x0000000100000000)
  eden space 239616K, 0% used [0x00000000d5580000,0x00000000d5580000,0x00000000e3f80000)
  from space 17408K, 98% used [0x00000000e6780000,0x00000000e7839f98,0x00000000e7880000)
  to   space 36352K, 0% used [0x00000000e8700000,0x00000000e8700000,0x00000000eaa80000)
 ParOldGen       total 80384K, used 57486K [0x0000000080000000, 0x0000000084e80000, 0x00000000d5580000)
  object space 80384K, 71% used [0x0000000080000000,0x0000000083823a50,0x0000000084e80000)
 Metaspace       used 93268K, capacity 98514K, committed 98584K, reserved 1134592K
  class space    used 12110K, capacity 13050K, committed 13096K, reserved 1048576K
}
Event: 2092,493 GC heap before
{Heap before GC invocations=23 (full 4):
 PSYoungGen      total 257024K, used 17127K [0x00000000d5580000, 0x00000000eaa80000, 0x0000000100000000)
  eden space 239616K, 0% used [0x00000000d5580000,0x00000000d5580000,0x00000000e3f80000)
  from space 17408K, 98% used [0x00000000e6780000,0x00000000e7839f98,0x00000000e7880000)
  to   space 36352K, 0% used [0x00000000e8700000,0x00000000e8700000,0x00000000eaa80000)
 ParOldGen       total 80384K, used 57486K [0x0000000080000000, 0x0000000084e80000, 0x00000000d5580000)
  object space 80384K, 71% used [0x0000000080000000,0x0000000083823a50,0x0000000084e80000)
 Metaspace       used 93268K, capacity 98514K, committed 98584K, reserved 1134592K
  class space    used 12110K, capacity 13050K, committed 13096K, reserved 1048576K
Event: 2118,974 GC heap after
Heap after GC invocations=23 (full 4):
 PSYoungGen      total 257024K, used 0K [0x00000000d5580000, 0x00000000eaa80000, 0x0000000100000000)
  eden space 239616K, 0% used [0x00000000d5580000,0x00000000d5580000,0x00000000e3f80000)
  from space 17408K, 0% used [0x00000000e6780000,0x00000000e6780000,0x00000000e7880000)
  to   space 36352K, 0% used [0x00000000e8700000,0x00000000e8700000,0x00000000eaa80000)
 ParOldGen       total 126464K, used 58081K [0x0000000080000000, 0x0000000087b80000, 0x00000000d5580000)
  object space 126464K, 45% used [0x0000000080000000,0x00000000838b85d8,0x0000000087b80000)
 Metaspace       used 92968K, capacity 97722K, committed 98584K, reserved 1134592K
  class space    used 12016K, capacity 12882K, committed 13096K, reserved 1048576K
}
Event: 2144,517 GC heap before
{Heap before GC invocations=24 (full 4):
 PSYoungGen      total 257024K, used 239616K [0x00000000d5580000, 0x00000000eaa80000, 0x0000000100000000)
  eden space 239616K, 100% used [0x00000000d5580000,0x00000000e3f80000,0x00000000e3f80000)
  from space 17408K, 0% used [0x00000000e6780000,0x00000000e6780000,0x00000000e7880000)
  to   space 36352K, 0% used [0x00000000e8700000,0x00000000e8700000,0x00000000eaa80000)
 ParOldGen       total 126464K, used 58081K [0x0000000080000000, 0x0000000087b80000, 0x00000000d5580000)
  object space 126464K, 45% used [0x0000000080000000,0x00000000838b85d8,0x0000000087b80000)
 Metaspace       used 99124K, capacity 104690K, committed 104856K, reserved 1140736K
  class space    used 12886K, capacity 13868K, committed 13992K, reserved 1048576K
Event: 2146,279 GC heap after
Heap after GC invocations=24 (full 4):
 PSYoungGen      total 308736K, used 32405K [0x00000000d5580000, 0x00000000eb380000, 0x0000000100000000)
  eden space 272384K, 0% used [0x00000000d5580000,0x00000000d5580000,0x00000000e5f80000)
  from space 36352K, 89% used [0x00000000e8700000,0x00000000ea6a5768,0x00000000eaa80000)
  to   space 40448K, 0% used [0x00000000e5f80000,0x00000000e5f80000,0x00000000e8700000)
 ParOldGen       total 126464K, used 58081K [0x0000000080000000, 0x0000000087b80000, 0x00000000d5580000)
  object space 126464K, 45% used [0x0000000080000000,0x00000000838b85d8,0x0000000087b80000)
 Metaspace       used 99124K, capacity 104690K, committed 104856K, reserved 1140736K
  class space    used 12886K, capacity 13868K, committed 13992K, reserved 1048576K
}
Event: 2155,950 GC heap before
{Heap before GC invocations=25 (full 4):
 PSYoungGen      total 308736K, used 304789K [0x00000000d5580000, 0x00000000eb380000, 0x0000000100000000)
  eden space 272384K, 100% used [0x00000000d5580000,0x00000000e5f80000,0x00000000e5f80000)
  from space 36352K, 89% used [0x00000000e8700000,0x00000000ea6a5768,0x00000000eaa80000)
  to   space 40448K, 0% used [0x00000000e5f80000,0x00000000e5f80000,0x00000000e8700000)
 ParOldGen       total 126464K, used 58081K [0x0000000080000000, 0x0000000087b80000, 0x00000000d5580000)
  object space 126464K, 45% used [0x0000000080000000,0x00000000838b85d8,0x0000000087b80000)
 Metaspace       used 99506K, capacity 105154K, committed 105368K, reserved 1140736K
  class space    used 12921K, capacity 13908K, committed 13992K, reserved 1048576K

